2019-06-03 00:13:53,389  - Input: eggert.cs.ucla.edu -33.867052 +151.1957362 1520023934.918963997
2019-06-03 00:13:53,389  - Attempting to Connect with server Holiday
2019-06-03 00:13:53,390  - Successful Connection with server Holiday
2019-06-03 00:13:53,390  - Input: eggert.cs.ucla.edu -33.867052 +151.1957362 1520023934.918963997
2019-06-03 00:13:53,391  - Attempting to Connect with server Hands
2019-06-03 00:13:53,392  - Successful Connection with server Hands
2019-06-03 00:13:53,392  - Input: eggert.cs.ucla.edu -33.867052 +151.1957362 1520023934.918963997
2019-06-03 00:13:53,392  - Attempting to Connect with server Goloman
2019-06-03 00:13:53,393  - Successful Connection with server Goloman
2019-06-03 00:13:53,394  - Input: eggert.cs.ucla.edu -33.867052 +151.1957362 1520023934.918963997
2019-06-03 00:14:43,367  - Input: wiki.cs.ucla.edu -33.867052 +151.1957362 1520023934.918963997
2019-06-03 00:14:43,367  - Attempting to Connect with server Holiday
2019-06-03 00:14:43,367  - Successful Connection with server Holiday
2019-06-03 00:14:43,368  - Attempting to Connect with server Hands
2019-06-03 00:14:43,369  - Successful Connection with server Hands
2019-06-03 00:14:43,369  - Attempting to Connect with server Goloman
2019-06-03 00:14:43,370  - Successful Connection with server Goloman
2019-06-03 00:14:43,371  - Input: wiki.cs.ucla.edu -33.867052 +151.1957362 1520023934.918963997
2019-06-03 00:14:43,372  - Input: wiki.cs.ucla.edu -33.867052 +151.1957362 1520023934.918963997
2019-06-03 00:14:43,373  - Input: wiki.cs.ucla.edu -33.867052 +151.1957362 1520023934.918963997
2019-06-03 00:17:27,784  - Disconnceting from other servers.

