2019-06-03 00:13:53,386  - Input: IAMAT eggert.cs.ucla.edu -33.8670522+151.1957362 1520023934.918963997
2019-06-03 00:13:53,386  - Attempting to Connect with server Hands
2019-06-03 00:13:53,386  - Successful Connection with server Hands
2019-06-03 00:13:53,387  - Attempting to Connect with server Holiday
2019-06-03 00:13:53,388  - Successful Connection with server Holiday
2019-06-03 00:13:53,388  - Attempting to Connect with server Wilkes
2019-06-03 00:13:53,389  - Successful Connection with server Wilkes
2019-06-03 00:13:53,389  - Output: AT Goloman +0.00017398223280906677 eggert.cs.ucla.edu -33.8670522+151.1957362 1520023934.918963997
2019-06-03 00:13:53,390  - Input: eggert.cs.ucla.edu -33.867052 +151.1957362 1520023934.918963997
2019-06-03 00:13:53,390  - Attempting to Connect with server Hands
2019-06-03 00:13:53,391  - Successful Connection with server Hands
2019-06-03 00:13:53,391  - Attempting to Connect with server Holiday
2019-06-03 00:13:53,392  - Successful Connection with server Holiday
2019-06-03 00:13:53,392  - Attempting to Connect with server Wilkes
2019-06-03 00:13:53,393  - Successful Connection with server Wilkes
2019-06-03 00:13:53,394  - Input: eggert.cs.ucla.edu -33.867052 +151.1957362 1520023934.918963997
2019-06-03 00:13:53,394  - Input: eggert.cs.ucla.edu -33.867052 +151.1957362 1520023934.918963997
2019-06-03 00:14:43,368  - Input: wiki.cs.ucla.edu -33.867052 +151.1957362 1520023934.918963997
2019-06-03 00:14:43,368  - Attempting to Connect with server Hands
2019-06-03 00:14:43,368  - Successful Connection with server Hands
2019-06-03 00:14:43,369  - Attempting to Connect with server Holiday
2019-06-03 00:14:43,370  - Successful Connection with server Holiday
2019-06-03 00:14:43,371  - Attempting to Connect with server Wilkes
2019-06-03 00:14:43,371  - Input: wiki.cs.ucla.edu -33.867052 +151.1957362 1520023934.918963997
2019-06-03 00:14:43,371  - Successful Connection with server Wilkes
2019-06-03 00:14:43,373  - Input: wiki.cs.ucla.edu -33.867052 +151.1957362 1520023934.918963997
2019-06-03 00:14:43,374  - Input: wiki.cs.ucla.edu -33.867052 +151.1957362 1520023934.918963997
2019-06-03 00:17:27,784  - Disconnceting from other servers.

